2025-01-02T03:17:42.644+05:30  INFO 5669 --- [main] com.example.demo.DemoApplication         : Starting DemoApplication using Java 23.0.1 with PID 5669 (/home/tanay/IdeaProjects/currency/build/classes/java/main started by tanay in /home/tanay/IdeaProjects/currency)
2025-01-02T03:17:42.652+05:30  INFO 5669 --- [main] com.example.demo.DemoApplication         : No active profile set, falling back to 1 default profile: "default"
2025-01-02T03:17:43.267+05:30  INFO 5669 --- [main] o.s.b.w.embedded.tomcat.TomcatWebServer  : Tomcat initialized with port 8081 (http)
2025-01-02T03:17:43.275+05:30  INFO 5669 --- [main] o.apache.catalina.core.StandardService   : Starting service [Tomcat]
2025-01-02T03:17:43.276+05:30  INFO 5669 --- [main] o.apache.catalina.core.StandardEngine    : Starting Servlet engine: [Apache Tomcat/10.1.33]
2025-01-02T03:17:43.303+05:30  INFO 5669 --- [main] o.a.c.c.C.[Tomcat].[localhost].[/]       : Initializing Spring embedded WebApplicationContext
2025-01-02T03:17:43.303+05:30  INFO 5669 --- [main] w.s.c.ServletWebServerApplicationContext : Root WebApplicationContext: initialization completed in 609 ms
2025-01-02T03:17:43.524+05:30  INFO 5669 --- [main] o.s.b.w.embedded.tomcat.TomcatWebServer  : Tomcat started on port 8081 (http) with context path '/'
2025-01-02T03:17:43.529+05:30  INFO 5669 --- [main] com.example.demo.DemoApplication         : Started DemoApplication in 1.216 seconds (process running for 1.467)
2025-01-02T03:19:09.221+05:30  INFO 5669 --- [http-nio-8081-exec-2] o.a.c.c.C.[Tomcat].[localhost].[/]       : Initializing Spring DispatcherServlet 'dispatcherServlet'
2025-01-02T03:19:09.222+05:30  INFO 5669 --- [http-nio-8081-exec-2] o.s.web.servlet.DispatcherServlet        : Initializing Servlet 'dispatcherServlet'
2025-01-02T03:19:09.224+05:30  INFO 5669 --- [http-nio-8081-exec-2] o.s.web.servlet.DispatcherServlet        : Completed initialization in 2 ms
2025-01-02T03:19:12.896+05:30  INFO 5669 --- [http-nio-8081-exec-2] com.example.demo.ScraperScheduler        : Fetched 6 records for 'GBPINR' from 1735163349 to 1735768149
2025-01-02T03:19:13.759+05:30  INFO 5669 --- [http-nio-8081-exec-2] com.example.demo.ScraperScheduler        : Fetched 6 records for 'AEDINR' from 1735163349 to 1735768149
2025-01-02T03:20:09.829+05:30  INFO 5669 --- [SpringApplicationShutdownHook] o.s.b.w.e.tomcat.GracefulShutdown        : Commencing graceful shutdown. Waiting for active requests to complete
2025-01-02T03:20:09.832+05:30  INFO 5669 --- [tomcat-shutdown] o.s.b.w.e.tomcat.GracefulShutdown        : Graceful shutdown complete
2025-01-02T03:20:13.148+05:30  INFO 6245 --- [main] com.example.demo.DemoApplication         : Starting DemoApplication using Java 23.0.1 with PID 6245 (/home/tanay/IdeaProjects/currency/build/classes/java/main started by tanay in /home/tanay/IdeaProjects/currency)
2025-01-02T03:20:13.150+05:30  INFO 6245 --- [main] com.example.demo.DemoApplication         : No active profile set, falling back to 1 default profile: "default"
2025-01-02T03:20:13.803+05:30  INFO 6245 --- [main] o.s.b.w.embedded.tomcat.TomcatWebServer  : Tomcat initialized with port 8081 (http)
2025-01-02T03:20:13.813+05:30  INFO 6245 --- [main] o.apache.catalina.core.StandardService   : Starting service [Tomcat]
2025-01-02T03:20:13.813+05:30  INFO 6245 --- [main] o.apache.catalina.core.StandardEngine    : Starting Servlet engine: [Apache Tomcat/10.1.33]
2025-01-02T03:20:13.852+05:30  INFO 6245 --- [main] o.a.c.c.C.[Tomcat].[localhost].[/]       : Initializing Spring embedded WebApplicationContext
2025-01-02T03:20:13.852+05:30  INFO 6245 --- [main] w.s.c.ServletWebServerApplicationContext : Root WebApplicationContext: initialization completed in 659 ms
2025-01-02T03:20:14.076+05:30  INFO 6245 --- [main] o.s.b.w.embedded.tomcat.TomcatWebServer  : Tomcat started on port 8081 (http) with context path '/'
2025-01-02T03:20:14.081+05:30  INFO 6245 --- [main] com.example.demo.DemoApplication         : Started DemoApplication in 1.318 seconds (process running for 1.639)
2025-01-02T03:20:19.551+05:30  INFO 6245 --- [http-nio-8081-exec-2] o.a.c.c.C.[Tomcat].[localhost].[/]       : Initializing Spring DispatcherServlet 'dispatcherServlet'
2025-01-02T03:20:19.551+05:30  INFO 6245 --- [http-nio-8081-exec-2] o.s.web.servlet.DispatcherServlet        : Initializing Servlet 'dispatcherServlet'
2025-01-02T03:20:19.553+05:30  INFO 6245 --- [http-nio-8081-exec-2] o.s.web.servlet.DispatcherServlet        : Completed initialization in 1 ms
2025-01-02T03:20:22.326+05:30  INFO 6245 --- [http-nio-8081-exec-2] com.example.demo.ScraperScheduler        : Fetched 6 records for 'GBPINR' from 1735163419 to 1735768219
2025-01-02T03:20:23.160+05:30  INFO 6245 --- [http-nio-8081-exec-2] com.example.demo.ScraperScheduler        : Fetched 6 records for 'AEDINR' from 1735163419 to 1735768219
2025-01-02T03:22:09.350+05:30  INFO 6245 --- [http-nio-8081-exec-5] com.example.demo.ScraperScheduler        : Fetched 6 records for 'GBPINR' from 1735163527 to 1735768327
2025-01-02T03:22:11.997+05:30  INFO 6245 --- [http-nio-8081-exec-5] com.example.demo.ScraperScheduler        : Fetched 6 records for 'AEDINR' from 1735163527 to 1735768327
2025-01-02T03:27:25.481+05:30  INFO 6245 --- [SpringApplicationShutdownHook] o.s.b.w.e.tomcat.GracefulShutdown        : Commencing graceful shutdown. Waiting for active requests to complete
2025-01-02T03:27:25.483+05:30  INFO 6245 --- [tomcat-shutdown] o.s.b.w.e.tomcat.GracefulShutdown        : Graceful shutdown complete
2025-01-02T03:27:27.023+05:30  INFO 6607 --- [main] com.example.demo.DemoApplication         : Starting DemoApplication using Java 23.0.1 with PID 6607 (/home/tanay/IdeaProjects/currency/build/classes/java/main started by tanay in /home/tanay/IdeaProjects/currency)
2025-01-02T03:27:27.025+05:30  INFO 6607 --- [main] com.example.demo.DemoApplication         : No active profile set, falling back to 1 default profile: "default"
2025-01-02T03:27:27.483+05:30  INFO 6607 --- [main] o.s.b.w.embedded.tomcat.TomcatWebServer  : Tomcat initialized with port 8081 (http)
2025-01-02T03:27:27.492+05:30  INFO 6607 --- [main] o.apache.catalina.core.StandardService   : Starting service [Tomcat]
2025-01-02T03:27:27.492+05:30  INFO 6607 --- [main] o.apache.catalina.core.StandardEngine    : Starting Servlet engine: [Apache Tomcat/10.1.33]
2025-01-02T03:27:27.515+05:30  INFO 6607 --- [main] o.a.c.c.C.[Tomcat].[localhost].[/]       : Initializing Spring embedded WebApplicationContext
2025-01-02T03:27:27.516+05:30  INFO 6607 --- [main] w.s.c.ServletWebServerApplicationContext : Root WebApplicationContext: initialization completed in 459 ms
2025-01-02T03:27:27.708+05:30  INFO 6607 --- [main] o.s.b.w.embedded.tomcat.TomcatWebServer  : Tomcat started on port 8081 (http) with context path '/'
2025-01-02T03:27:27.713+05:30  INFO 6607 --- [main] com.example.demo.DemoApplication         : Started DemoApplication in 0.941 seconds (process running for 1.113)
2025-01-02T03:27:48.178+05:30  INFO 6607 --- [http-nio-8081-exec-2] o.a.c.c.C.[Tomcat].[localhost].[/]       : Initializing Spring DispatcherServlet 'dispatcherServlet'
2025-01-02T03:27:48.179+05:30  INFO 6607 --- [http-nio-8081-exec-2] o.s.web.servlet.DispatcherServlet        : Initializing Servlet 'dispatcherServlet'
2025-01-02T03:27:48.180+05:30  INFO 6607 --- [http-nio-8081-exec-2] o.s.web.servlet.DispatcherServlet        : Completed initialization in 1 ms
2025-01-02T03:33:12.750+05:30  INFO 6607 --- [SpringApplicationShutdownHook] o.s.b.w.e.tomcat.GracefulShutdown        : Commencing graceful shutdown. Waiting for active requests to complete
2025-01-02T03:33:12.760+05:30  INFO 6607 --- [tomcat-shutdown] o.s.b.w.e.tomcat.GracefulShutdown        : Graceful shutdown complete
2025-01-02T03:33:14.168+05:30  INFO 6953 --- [main] com.example.demo.DemoApplication         : Starting DemoApplication using Java 23.0.1 with PID 6953 (/home/tanay/IdeaProjects/currency/build/classes/java/main started by tanay in /home/tanay/IdeaProjects/currency)
2025-01-02T03:33:14.170+05:30  INFO 6953 --- [main] com.example.demo.DemoApplication         : No active profile set, falling back to 1 default profile: "default"
2025-01-02T03:33:14.656+05:30  INFO 6953 --- [main] o.s.b.w.embedded.tomcat.TomcatWebServer  : Tomcat initialized with port 8081 (http)
2025-01-02T03:33:14.665+05:30  INFO 6953 --- [main] o.apache.catalina.core.StandardService   : Starting service [Tomcat]
2025-01-02T03:33:14.666+05:30  INFO 6953 --- [main] o.apache.catalina.core.StandardEngine    : Starting Servlet engine: [Apache Tomcat/10.1.33]
2025-01-02T03:33:14.689+05:30  INFO 6953 --- [main] o.a.c.c.C.[Tomcat].[localhost].[/]       : Initializing Spring embedded WebApplicationContext
2025-01-02T03:33:14.690+05:30  INFO 6953 --- [main] w.s.c.ServletWebServerApplicationContext : Root WebApplicationContext: initialization completed in 486 ms
2025-01-02T03:33:14.909+05:30  INFO 6953 --- [main] o.s.b.w.embedded.tomcat.TomcatWebServer  : Tomcat started on port 8081 (http) with context path '/'
2025-01-02T03:33:14.916+05:30  INFO 6953 --- [main] com.example.demo.DemoApplication         : Started DemoApplication in 0.991 seconds (process running for 1.15)
2025-01-02T03:33:17.384+05:30  INFO 6953 --- [scheduling-1] com.example.demo.ScraperScheduler        : Fetched 6 records for 'GBPINR' from 1735164195 to 1735768995
2025-01-02T03:33:18.249+05:30  INFO 6953 --- [scheduling-1] com.example.demo.ScraperScheduler        : Fetched 6 records for 'AEDINR' from 1735164195 to 1735768995
2025-01-02T03:33:20.075+05:30  INFO 6953 --- [scheduling-1] com.example.demo.ScraperScheduler        : Fetched 6 records for 'GBPINR' from 1735164199 to 1735768999
2025-01-02T03:33:20.973+05:30  INFO 6953 --- [scheduling-1] com.example.demo.ScraperScheduler        : Fetched 6 records for 'AEDINR' from 1735164199 to 1735768999
2025-01-02T03:33:21.833+05:30  INFO 6953 --- [scheduling-1] com.example.demo.ScraperScheduler        : Fetched 6 records for 'GBPINR' from 1735164201 to 1735769001
2025-01-02T03:33:22.743+05:30  INFO 6953 --- [scheduling-1] com.example.demo.ScraperScheduler        : Fetched 6 records for 'AEDINR' from 1735164201 to 1735769001
2025-01-02T03:33:24.648+05:30  INFO 6953 --- [scheduling-1] com.example.demo.ScraperScheduler        : Fetched 6 records for 'GBPINR' from 1735164203 to 1735769003
2025-01-02T03:33:26.212+05:30  INFO 6953 --- [scheduling-1] com.example.demo.ScraperScheduler        : Fetched 6 records for 'AEDINR' from 1735164203 to 1735769003
2025-01-02T03:33:28.906+05:30  INFO 6953 --- [scheduling-1] com.example.demo.ScraperScheduler        : Fetched 6 records for 'GBPINR' from 1735164207 to 1735769007
2025-01-02T03:33:29.943+05:30  INFO 6953 --- [scheduling-1] com.example.demo.ScraperScheduler        : Fetched 6 records for 'AEDINR' from 1735164207 to 1735769007
2025-01-02T03:33:30.844+05:30  INFO 6953 --- [scheduling-1] com.example.demo.ScraperScheduler        : Fetched 6 records for 'GBPINR' from 1735164210 to 1735769010
2025-01-02T03:33:31.892+05:30  INFO 6953 --- [scheduling-1] com.example.demo.ScraperScheduler        : Fetched 6 records for 'AEDINR' from 1735164210 to 1735769010
2025-01-02T03:33:31.901+05:30  INFO 6953 --- [SpringApplicationShutdownHook] o.s.b.w.e.tomcat.GracefulShutdown        : Commencing graceful shutdown. Waiting for active requests to complete
2025-01-02T03:33:31.907+05:30  INFO 6953 --- [tomcat-shutdown] o.s.b.w.e.tomcat.GracefulShutdown        : Graceful shutdown complete
2025-01-02T03:33:37.981+05:30  INFO 7150 --- [main] com.example.demo.DemoApplication         : Starting DemoApplication using Java 23.0.1 with PID 7150 (/home/tanay/IdeaProjects/currency/build/classes/java/main started by tanay in /home/tanay/IdeaProjects/currency)
2025-01-02T03:33:37.983+05:30  INFO 7150 --- [main] com.example.demo.DemoApplication         : No active profile set, falling back to 1 default profile: "default"
2025-01-02T03:33:38.469+05:30  INFO 7150 --- [main] o.s.b.w.embedded.tomcat.TomcatWebServer  : Tomcat initialized with port 8081 (http)
2025-01-02T03:33:38.479+05:30  INFO 7150 --- [main] o.apache.catalina.core.StandardService   : Starting service [Tomcat]
2025-01-02T03:33:38.480+05:30  INFO 7150 --- [main] o.apache.catalina.core.StandardEngine    : Starting Servlet engine: [Apache Tomcat/10.1.33]
2025-01-02T03:33:38.501+05:30  INFO 7150 --- [main] o.a.c.c.C.[Tomcat].[localhost].[/]       : Initializing Spring embedded WebApplicationContext
2025-01-02T03:33:38.502+05:30  INFO 7150 --- [main] w.s.c.ServletWebServerApplicationContext : Root WebApplicationContext: initialization completed in 483 ms
2025-01-02T03:33:38.718+05:30  INFO 7150 --- [main] o.s.b.w.embedded.tomcat.TomcatWebServer  : Tomcat started on port 8081 (http) with context path '/'
2025-01-02T03:33:38.727+05:30  INFO 7150 --- [main] com.example.demo.DemoApplication         : Started DemoApplication in 0.984 seconds (process running for 1.143)
2025-01-02T03:33:41.840+05:30  INFO 7150 --- [scheduling-1] com.example.demo.ScraperScheduler        : Fetched 6 records for 'GBPINR' from 1735164219 to 1735769019
2025-01-02T03:33:42.805+05:30  INFO 7150 --- [scheduling-1] com.example.demo.ScraperScheduler        : Fetched 6 records for 'AEDINR' from 1735164219 to 1735769019
2025-01-02T03:33:44.221+05:30  INFO 7150 --- [scheduling-1] com.example.demo.ScraperScheduler        : Fetched 6 records for 'GBPINR' from 1735164223 to 1735769023
2025-01-02T03:33:45.303+05:30  INFO 7150 --- [scheduling-1] com.example.demo.ScraperScheduler        : Fetched 6 records for 'AEDINR' from 1735164223 to 1735769023
2025-01-02T03:33:47.140+05:30  INFO 7150 --- [scheduling-1] com.example.demo.ScraperScheduler        : Fetched 6 records for 'GBPINR' from 1735164226 to 1735769026
2025-01-02T03:33:48.386+05:30  INFO 7150 --- [scheduling-1] com.example.demo.ScraperScheduler        : Fetched 6 records for 'AEDINR' from 1735164226 to 1735769026
2025-01-02T03:33:49.884+05:30  INFO 7150 --- [scheduling-1] com.example.demo.ScraperScheduler        : Fetched 6 records for 'GBPINR' from 1735164229 to 1735769029
2025-01-02T03:33:50.711+05:30  INFO 7150 --- [scheduling-1] com.example.demo.ScraperScheduler        : Fetched 6 records for 'AEDINR' from 1735164229 to 1735769029
2025-01-02T03:33:53.201+05:30  INFO 7150 --- [scheduling-1] com.example.demo.ScraperScheduler        : Fetched 6 records for 'GBPINR' from 1735164231 to 1735769031
2025-01-02T03:33:54.363+05:30  INFO 7150 --- [scheduling-1] com.example.demo.ScraperScheduler        : Fetched 6 records for 'AEDINR' from 1735164231 to 1735769031
2025-01-02T03:33:56.079+05:30  INFO 7150 --- [scheduling-1] com.example.demo.ScraperScheduler        : Fetched 6 records for 'GBPINR' from 1735164235 to 1735769035
2025-01-02T03:33:59.231+05:30  INFO 7150 --- [scheduling-1] com.example.demo.ScraperScheduler        : Fetched 6 records for 'AEDINR' from 1735164235 to 1735769035
2025-01-02T03:34:03.250+05:30  INFO 7150 --- [scheduling-1] com.example.demo.ScraperScheduler        : Fetched 6 records for 'GBPINR' from 1735164240 to 1735769040
2025-01-02T03:34:04.765+05:30  INFO 7150 --- [scheduling-1] com.example.demo.ScraperScheduler        : Fetched 6 records for 'AEDINR' from 1735164240 to 1735769040
2025-01-02T03:34:06.179+05:30  INFO 7150 --- [scheduling-1] com.example.demo.ScraperScheduler        : Fetched 6 records for 'GBPINR' from 1735164245 to 1735769045
2025-01-02T03:34:06.285+05:30  INFO 7150 --- [SpringApplicationShutdownHook] o.s.b.w.e.tomcat.GracefulShutdown        : Commencing graceful shutdown. Waiting for active requests to complete
2025-01-02T03:34:06.293+05:30  INFO 7150 --- [tomcat-shutdown] o.s.b.w.e.tomcat.GracefulShutdown        : Graceful shutdown complete
2025-01-02T03:34:07.962+05:30  INFO 7150 --- [scheduling-1] com.example.demo.ScraperScheduler        : Fetched 6 records for 'AEDINR' from 1735164245 to 1735769045
2025-01-02T03:34:22.705+05:30  INFO 7430 --- [main] com.example.demo.DemoApplication         : Starting DemoApplication using Java 23.0.1 with PID 7430 (/home/tanay/IdeaProjects/currency/build/classes/java/main started by tanay in /home/tanay/IdeaProjects/currency)
2025-01-02T03:34:22.706+05:30  INFO 7430 --- [main] com.example.demo.DemoApplication         : No active profile set, falling back to 1 default profile: "default"
2025-01-02T03:34:23.192+05:30  INFO 7430 --- [main] o.s.b.w.embedded.tomcat.TomcatWebServer  : Tomcat initialized with port 8081 (http)
2025-01-02T03:34:23.201+05:30  INFO 7430 --- [main] o.apache.catalina.core.StandardService   : Starting service [Tomcat]
2025-01-02T03:34:23.201+05:30  INFO 7430 --- [main] o.apache.catalina.core.StandardEngine    : Starting Servlet engine: [Apache Tomcat/10.1.33]
2025-01-02T03:34:23.223+05:30  INFO 7430 --- [main] o.a.c.c.C.[Tomcat].[localhost].[/]       : Initializing Spring embedded WebApplicationContext
2025-01-02T03:34:23.223+05:30  INFO 7430 --- [main] w.s.c.ServletWebServerApplicationContext : Root WebApplicationContext: initialization completed in 481 ms
2025-01-02T03:34:23.448+05:30  INFO 7430 --- [main] o.s.b.w.embedded.tomcat.TomcatWebServer  : Tomcat started on port 8081 (http) with context path '/'
2025-01-02T03:34:23.456+05:30  INFO 7430 --- [main] com.example.demo.DemoApplication         : Started DemoApplication in 1.0 seconds (process running for 1.172)
2025-01-02T03:34:27.578+05:30  INFO 7430 --- [scheduling-1] com.example.demo.ScraperScheduler        : Fetched 6 records for 'GBPINR' from 1735164264 to 1735769064
2025-01-02T03:34:29.553+05:30  INFO 7430 --- [scheduling-1] com.example.demo.ScraperScheduler        : Fetched 6 records for 'AEDINR' from 1735164264 to 1735769064
2025-01-02T03:34:32.765+05:30  INFO 7430 --- [scheduling-1] com.example.demo.ScraperScheduler        : Fetched 6 records for 'GBPINR' from 1735164270 to 1735769070
2025-01-02T03:34:35.112+05:30  INFO 7430 --- [scheduling-1] com.example.demo.ScraperScheduler        : Fetched 6 records for 'AEDINR' from 1735164270 to 1735769070
2025-01-02T03:34:37.833+05:30  INFO 7430 --- [scheduling-1] com.example.demo.ScraperScheduler        : Fetched 6 records for 'GBPINR' from 1735164276 to 1735769076
2025-01-02T03:34:39.117+05:30  INFO 7430 --- [scheduling-1] com.example.demo.ScraperScheduler        : Fetched 6 records for 'AEDINR' from 1735164276 to 1735769076
2025-01-02T03:34:41.523+05:30  INFO 7430 --- [scheduling-1] com.example.demo.ScraperScheduler        : Fetched 6 records for 'GBPINR' from 1735164280 to 1735769080
2025-01-02T03:34:43.382+05:30  INFO 7430 --- [scheduling-1] com.example.demo.ScraperScheduler        : Fetched 6 records for 'AEDINR' from 1735164280 to 1735769080
2025-01-02T03:34:45.670+05:30  INFO 7430 --- [scheduling-1] com.example.demo.ScraperScheduler        : Fetched 6 records for 'GBPINR' from 1735164284 to 1735769084
2025-01-02T03:34:47.093+05:30  INFO 7430 --- [scheduling-1] com.example.demo.ScraperScheduler        : Fetched 6 records for 'AEDINR' from 1735164284 to 1735769084
2025-01-02T03:34:49.521+05:30  INFO 7430 --- [scheduling-1] com.example.demo.ScraperScheduler        : Fetched 6 records for 'GBPINR' from 1735164288 to 1735769088
2025-01-02T03:34:51.066+05:30  INFO 7430 --- [scheduling-1] com.example.demo.ScraperScheduler        : Fetched 6 records for 'AEDINR' from 1735164288 to 1735769088
2025-01-02T03:34:53.779+05:30  INFO 7430 --- [scheduling-1] com.example.demo.ScraperScheduler        : Fetched 6 records for 'GBPINR' from 1735164292 to 1735769092
2025-01-02T03:34:55.485+05:30  INFO 7430 --- [scheduling-1] com.example.demo.ScraperScheduler        : Fetched 6 records for 'AEDINR' from 1735164292 to 1735769092
2025-01-02T03:34:57.743+05:30  INFO 7430 --- [scheduling-1] com.example.demo.ScraperScheduler        : Fetched 6 records for 'GBPINR' from 1735164296 to 1735769096
2025-01-02T03:35:00.190+05:30  INFO 7430 --- [scheduling-1] com.example.demo.ScraperScheduler        : Fetched 6 records for 'AEDINR' from 1735164296 to 1735769096
2025-01-02T03:35:02.976+05:30  INFO 7430 --- [scheduling-1] com.example.demo.ScraperScheduler        : Fetched 6 records for 'GBPINR' from 1735164301 to 1735769101
2025-01-02T03:35:05.125+05:30  INFO 7430 --- [scheduling-1] com.example.demo.ScraperScheduler        : Fetched 6 records for 'AEDINR' from 1735164301 to 1735769101
2025-01-02T03:35:08.189+05:30  INFO 7430 --- [scheduling-1] com.example.demo.ScraperScheduler        : Fetched 6 records for 'GBPINR' from 1735164306 to 1735769106
2025-01-02T03:35:10.424+05:30  INFO 7430 --- [scheduling-1] com.example.demo.ScraperScheduler        : Fetched 6 records for 'AEDINR' from 1735164306 to 1735769106
2025-01-02T03:35:13.413+05:30  INFO 7430 --- [scheduling-1] com.example.demo.ScraperScheduler        : Fetched 6 records for 'GBPINR' from 1735164311 to 1735769111
2025-01-02T03:35:14.441+05:30  INFO 7430 --- [scheduling-1] com.example.demo.ScraperScheduler        : Fetched 6 records for 'AEDINR' from 1735164311 to 1735769111
2025-01-02T03:35:16.593+05:30  INFO 7430 --- [scheduling-1] com.example.demo.ScraperScheduler        : Fetched 6 records for 'GBPINR' from 1735164315 to 1735769115
2025-01-02T03:35:17.678+05:30  INFO 7430 --- [scheduling-1] com.example.demo.ScraperScheduler        : Fetched 6 records for 'AEDINR' from 1735164315 to 1735769115
2025-01-02T03:35:18.852+05:30  INFO 7430 --- [scheduling-1] com.example.demo.ScraperScheduler        : Fetched 6 records for 'GBPINR' from 1735164318 to 1735769118
2025-01-02T03:35:19.753+05:30  INFO 7430 --- [scheduling-1] com.example.demo.ScraperScheduler        : Fetched 6 records for 'AEDINR' from 1735164318 to 1735769118
2025-01-02T03:35:20.961+05:30  INFO 7430 --- [scheduling-1] com.example.demo.ScraperScheduler        : Fetched 6 records for 'GBPINR' from 1735164320 to 1735769120
2025-01-02T03:35:21.843+05:30  INFO 7430 --- [scheduling-1] com.example.demo.ScraperScheduler        : Fetched 6 records for 'AEDINR' from 1735164320 to 1735769120
2025-01-02T03:35:23.137+05:30  INFO 7430 --- [scheduling-1] com.example.demo.ScraperScheduler        : Fetched 6 records for 'GBPINR' from 1735164322 to 1735769122
2025-01-02T03:35:23.922+05:30  INFO 7430 --- [scheduling-1] com.example.demo.ScraperScheduler        : Fetched 6 records for 'AEDINR' from 1735164322 to 1735769122
2025-01-02T03:35:25.236+05:30  INFO 7430 --- [scheduling-1] com.example.demo.ScraperScheduler        : Fetched 6 records for 'GBPINR' from 1735164324 to 1735769124
2025-01-02T03:35:26.110+05:30  INFO 7430 --- [scheduling-1] com.example.demo.ScraperScheduler        : Fetched 6 records for 'AEDINR' from 1735164324 to 1735769124
2025-01-02T03:35:28.380+05:30  INFO 7430 --- [scheduling-1] com.example.demo.ScraperScheduler        : Fetched 6 records for 'GBPINR' from 1735164327 to 1735769127
2025-01-02T03:35:29.407+05:30  INFO 7430 --- [scheduling-1] com.example.demo.ScraperScheduler        : Fetched 6 records for 'AEDINR' from 1735164327 to 1735769127
2025-01-02T03:35:31.235+05:30  INFO 7430 --- [scheduling-1] com.example.demo.ScraperScheduler        : Fetched 6 records for 'GBPINR' from 1735164330 to 1735769130
2025-01-02T03:35:32.115+05:30  INFO 7430 --- [scheduling-1] com.example.demo.ScraperScheduler        : Fetched 6 records for 'AEDINR' from 1735164330 to 1735769130
2025-01-02T03:35:34.365+05:30  INFO 7430 --- [scheduling-1] com.example.demo.ScraperScheduler        : Fetched 6 records for 'GBPINR' from 1735164333 to 1735769133
2025-01-02T03:35:35.361+05:30  INFO 7430 --- [scheduling-1] com.example.demo.ScraperScheduler        : Fetched 6 records for 'AEDINR' from 1735164333 to 1735769133
2025-01-02T03:35:37.186+05:30  INFO 7430 --- [scheduling-1] com.example.demo.ScraperScheduler        : Fetched 6 records for 'GBPINR' from 1735164336 to 1735769136
2025-01-02T03:35:38.021+05:30  INFO 7430 --- [scheduling-1] com.example.demo.ScraperScheduler        : Fetched 6 records for 'AEDINR' from 1735164336 to 1735769136
2025-01-02T03:35:40.274+05:30  INFO 7430 --- [scheduling-1] com.example.demo.ScraperScheduler        : Fetched 6 records for 'GBPINR' from 1735164339 to 1735769139
2025-01-02T03:35:41.154+05:30  INFO 7430 --- [scheduling-1] com.example.demo.ScraperScheduler        : Fetched 6 records for 'AEDINR' from 1735164339 to 1735769139
2025-01-02T03:35:43.101+05:30  INFO 7430 --- [scheduling-1] com.example.demo.ScraperScheduler        : Fetched 6 records for 'GBPINR' from 1735164342 to 1735769142
2025-01-02T03:35:43.894+05:30  INFO 7430 --- [scheduling-1] com.example.demo.ScraperScheduler        : Fetched 6 records for 'AEDINR' from 1735164342 to 1735769142
2025-01-02T03:35:44.773+05:30  INFO 7430 --- [scheduling-1] com.example.demo.ScraperScheduler        : Fetched 6 records for 'GBPINR' from 1735164344 to 1735769144
2025-01-02T03:35:45.478+05:30  INFO 7430 --- [scheduling-1] com.example.demo.ScraperScheduler        : Fetched 6 records for 'AEDINR' from 1735164344 to 1735769144
2025-01-02T03:35:46.849+05:30  INFO 7430 --- [scheduling-1] com.example.demo.ScraperScheduler        : Fetched 6 records for 'GBPINR' from 1735164346 to 1735769146
2025-01-02T03:35:48.705+05:30  INFO 7430 --- [scheduling-1] com.example.demo.ScraperScheduler        : Fetched 6 records for 'AEDINR' from 1735164346 to 1735769146
2025-01-02T03:35:51.368+05:30  INFO 7430 --- [scheduling-1] com.example.demo.ScraperScheduler        : Fetched 6 records for 'GBPINR' from 1735164349 to 1735769149
2025-01-02T03:35:52.991+05:30  INFO 7430 --- [scheduling-1] com.example.demo.ScraperScheduler        : Fetched 6 records for 'AEDINR' from 1735164349 to 1735769149
2025-01-02T03:35:55.311+05:30  INFO 7430 --- [scheduling-1] com.example.demo.ScraperScheduler        : Fetched 6 records for 'GBPINR' from 1735164353 to 1735769153
2025-01-02T03:35:57.368+05:30  INFO 7430 --- [scheduling-1] com.example.demo.ScraperScheduler        : Fetched 6 records for 'AEDINR' from 1735164353 to 1735769153
2025-01-02T03:35:59.935+05:30  INFO 7430 --- [scheduling-1] com.example.demo.ScraperScheduler        : Fetched 6 records for 'GBPINR' from 1735164358 to 1735769158
2025-01-02T03:36:01.659+05:30  INFO 7430 --- [scheduling-1] com.example.demo.ScraperScheduler        : Fetched 6 records for 'AEDINR' from 1735164358 to 1735769158
2025-01-02T03:36:04.658+05:30  INFO 7430 --- [scheduling-1] com.example.demo.ScraperScheduler        : Fetched 6 records for 'GBPINR' from 1735164362 to 1735769162
2025-01-02T03:36:06.558+05:30  INFO 7430 --- [scheduling-1] com.example.demo.ScraperScheduler        : Fetched 6 records for 'AEDINR' from 1735164362 to 1735769162
2025-01-02T03:36:09.117+05:30  INFO 7430 --- [scheduling-1] com.example.demo.ScraperScheduler        : Fetched 6 records for 'GBPINR' from 1735164367 to 1735769167
2025-01-02T03:36:11.043+05:30  INFO 7430 --- [scheduling-1] com.example.demo.ScraperScheduler        : Fetched 6 records for 'AEDINR' from 1735164367 to 1735769167
2025-01-02T03:36:13.957+05:30  INFO 7430 --- [scheduling-1] com.example.demo.ScraperScheduler        : Fetched 6 records for 'GBPINR' from 1735164372 to 1735769172
2025-01-02T03:36:15.739+05:30  INFO 7430 --- [scheduling-1] com.example.demo.ScraperScheduler        : Fetched 6 records for 'AEDINR' from 1735164372 to 1735769172
2025-01-02T03:36:18.229+05:30  INFO 7430 --- [scheduling-1] com.example.demo.ScraperScheduler        : Fetched 6 records for 'GBPINR' from 1735164376 to 1735769176
2025-01-02T03:36:19.175+05:30  INFO 7430 --- [scheduling-1] com.example.demo.ScraperScheduler        : Fetched 6 records for 'AEDINR' from 1735164376 to 1735769176
2025-01-02T03:36:20.916+05:30  INFO 7430 --- [scheduling-1] com.example.demo.ScraperScheduler        : Fetched 6 records for 'GBPINR' from 1735164380 to 1735769180
2025-01-02T03:36:21.706+05:30  INFO 7430 --- [scheduling-1] com.example.demo.ScraperScheduler        : Fetched 6 records for 'AEDINR' from 1735164380 to 1735769180
2025-01-02T03:36:22.983+05:30  INFO 7430 --- [scheduling-1] com.example.demo.ScraperScheduler        : Fetched 6 records for 'GBPINR' from 1735164382 to 1735769182
2025-01-02T03:36:23.875+05:30  INFO 7430 --- [scheduling-1] com.example.demo.ScraperScheduler        : Fetched 6 records for 'AEDINR' from 1735164382 to 1735769182
2025-01-02T03:36:26.021+05:30  INFO 7430 --- [scheduling-1] com.example.demo.ScraperScheduler        : Fetched 6 records for 'GBPINR' from 1735164384 to 1735769184
2025-01-02T03:36:28.273+05:30  INFO 7430 --- [scheduling-1] com.example.demo.ScraperScheduler        : Fetched 6 records for 'AEDINR' from 1735164384 to 1735769184
2025-01-02T03:36:30.106+05:30  INFO 7430 --- [scheduling-1] com.example.demo.ScraperScheduler        : Fetched 6 records for 'GBPINR' from 1735164389 to 1735769189
2025-01-02T03:36:32.357+05:30  INFO 7430 --- [scheduling-1] com.example.demo.ScraperScheduler        : Fetched 6 records for 'AEDINR' from 1735164389 to 1735769189
2025-01-02T03:36:35.351+05:30  INFO 7430 --- [scheduling-1] com.example.demo.ScraperScheduler        : Fetched 6 records for 'GBPINR' from 1735164393 to 1735769193
2025-01-02T03:36:37.908+05:30  INFO 7430 --- [scheduling-1] com.example.demo.ScraperScheduler        : Fetched 6 records for 'AEDINR' from 1735164393 to 1735769193
2025-01-02T03:36:40.511+05:30  INFO 7430 --- [scheduling-1] com.example.demo.ScraperScheduler        : Fetched 6 records for 'GBPINR' from 1735164398 to 1735769198
2025-01-02T03:36:42.685+05:30  INFO 7430 --- [scheduling-1] com.example.demo.ScraperScheduler        : Fetched 6 records for 'AEDINR' from 1735164398 to 1735769198
2025-01-02T03:36:44.648+05:30  INFO 7430 --- [scheduling-1] com.example.demo.ScraperScheduler        : Fetched 6 records for 'GBPINR' from 1735164403 to 1735769203
2025-01-02T03:36:47.789+05:30  INFO 7430 --- [scheduling-1] com.example.demo.ScraperScheduler        : Fetched 6 records for 'AEDINR' from 1735164403 to 1735769203
2025-01-02T03:36:50.399+05:30  INFO 7430 --- [scheduling-1] com.example.demo.ScraperScheduler        : Fetched 6 records for 'GBPINR' from 1735164408 to 1735769208
2025-01-02T03:36:52.063+05:30  INFO 7430 --- [scheduling-1] com.example.demo.ScraperScheduler        : Fetched 6 records for 'AEDINR' from 1735164408 to 1735769208
2025-01-02T03:36:55.381+05:30  INFO 7430 --- [scheduling-1] com.example.demo.ScraperScheduler        : Fetched 6 records for 'GBPINR' from 1735164413 to 1735769213
2025-01-02T03:36:57.773+05:30  INFO 7430 --- [scheduling-1] com.example.demo.ScraperScheduler        : Fetched 6 records for 'AEDINR' from 1735164413 to 1735769213
2025-01-02T03:37:00.998+05:30  INFO 7430 --- [scheduling-1] com.example.demo.ScraperScheduler        : Fetched 6 records for 'GBPINR' from 1735164418 to 1735769218
2025-01-02T03:37:03.447+05:30  INFO 7430 --- [scheduling-1] com.example.demo.ScraperScheduler        : Fetched 6 records for 'AEDINR' from 1735164418 to 1735769218
2025-01-02T03:37:07.224+05:30  INFO 7430 --- [scheduling-1] com.example.demo.ScraperScheduler        : Fetched 6 records for 'GBPINR' from 1735164424 to 1735769224
2025-01-02T03:37:10.045+05:30  INFO 7430 --- [scheduling-1] com.example.demo.ScraperScheduler        : Fetched 6 records for 'AEDINR' from 1735164424 to 1735769224
2025-01-02T03:37:13.748+05:30  INFO 7430 --- [scheduling-1] com.example.demo.ScraperScheduler        : Fetched 6 records for 'GBPINR' from 1735164431 to 1735769231
2025-01-02T03:37:15.872+05:30  INFO 7430 --- [scheduling-1] com.example.demo.ScraperScheduler        : Fetched 6 records for 'AEDINR' from 1735164431 to 1735769231
2025-01-02T03:37:18.386+05:30  INFO 7430 --- [scheduling-1] com.example.demo.ScraperScheduler        : Fetched 6 records for 'GBPINR' from 1735164436 to 1735769236
2025-01-02T03:37:19.330+05:30  INFO 7430 --- [scheduling-1] com.example.demo.ScraperScheduler        : Fetched 6 records for 'AEDINR' from 1735164436 to 1735769236
2025-01-02T03:37:21.249+05:30  INFO 7430 --- [scheduling-1] com.example.demo.ScraperScheduler        : Fetched 6 records for 'GBPINR' from 1735164440 to 1735769240
2025-01-02T03:37:21.992+05:30  INFO 7430 --- [scheduling-1] com.example.demo.ScraperScheduler        : Fetched 6 records for 'AEDINR' from 1735164440 to 1735769240
2025-01-02T03:37:22.436+05:30  INFO 7430 --- [SpringApplicationShutdownHook] o.s.b.w.e.tomcat.GracefulShutdown        : Commencing graceful shutdown. Waiting for active requests to complete
2025-01-02T03:37:22.443+05:30  INFO 7430 --- [tomcat-shutdown] o.s.b.w.e.tomcat.GracefulShutdown        : Graceful shutdown complete
2025-01-02T03:37:24.599+05:30  INFO 7430 --- [scheduling-1] com.example.demo.ScraperScheduler        : Fetched 6 records for 'GBPINR' from 1735164442 to 1735769242
2025-01-02T03:37:26.459+05:30  INFO 7430 --- [scheduling-1] com.example.demo.ScraperScheduler        : Fetched 6 records for 'AEDINR' from 1735164442 to 1735769242
2025-01-02T03:37:33.676+05:30  INFO 8118 --- [main] com.example.demo.DemoApplication         : Starting DemoApplication using Java 23.0.1 with PID 8118 (/home/tanay/IdeaProjects/currency/build/classes/java/main started by tanay in /home/tanay/IdeaProjects/currency)
2025-01-02T03:37:33.677+05:30  INFO 8118 --- [main] com.example.demo.DemoApplication         : No active profile set, falling back to 1 default profile: "default"
2025-01-02T03:37:34.156+05:30  INFO 8118 --- [main] o.s.b.w.embedded.tomcat.TomcatWebServer  : Tomcat initialized with port 8081 (http)
2025-01-02T03:37:34.165+05:30  INFO 8118 --- [main] o.apache.catalina.core.StandardService   : Starting service [Tomcat]
2025-01-02T03:37:34.166+05:30  INFO 8118 --- [main] o.apache.catalina.core.StandardEngine    : Starting Servlet engine: [Apache Tomcat/10.1.33]
2025-01-02T03:37:34.188+05:30  INFO 8118 --- [main] o.a.c.c.C.[Tomcat].[localhost].[/]       : Initializing Spring embedded WebApplicationContext
2025-01-02T03:37:34.189+05:30  INFO 8118 --- [main] w.s.c.ServletWebServerApplicationContext : Root WebApplicationContext: initialization completed in 475 ms
2025-01-02T03:37:34.386+05:30  INFO 8118 --- [main] o.s.b.w.embedded.tomcat.TomcatWebServer  : Tomcat started on port 8081 (http) with context path '/'
2025-01-02T03:37:34.393+05:30  INFO 8118 --- [main] com.example.demo.DemoApplication         : Started DemoApplication in 0.984 seconds (process running for 1.145)
2025-01-02T03:37:53.786+05:30  INFO 8118 --- [http-nio-8081-exec-2] o.a.c.c.C.[Tomcat].[localhost].[/]       : Initializing Spring DispatcherServlet 'dispatcherServlet'
2025-01-02T03:37:53.786+05:30  INFO 8118 --- [http-nio-8081-exec-2] o.s.web.servlet.DispatcherServlet        : Initializing Servlet 'dispatcherServlet'
2025-01-02T03:37:53.787+05:30  INFO 8118 --- [http-nio-8081-exec-2] o.s.web.servlet.DispatcherServlet        : Completed initialization in 1 ms
2025-01-02T03:37:57.084+05:30  INFO 8118 --- [http-nio-8081-exec-2] com.example.demo.ScraperScheduler        : Fetched 6 records for 'GBPINR' from 1735164473 to 1735769273
2025-01-02T03:37:58.910+05:30  INFO 8118 --- [http-nio-8081-exec-2] com.example.demo.ScraperScheduler        : Fetched 6 records for 'AEDINR' from 1735164473 to 1735769273
2025-01-02T03:45:54.952+05:30  INFO 8118 --- [SpringApplicationShutdownHook] o.s.b.w.e.tomcat.GracefulShutdown        : Commencing graceful shutdown. Waiting for active requests to complete
2025-01-02T03:45:54.956+05:30  INFO 8118 --- [tomcat-shutdown] o.s.b.w.e.tomcat.GracefulShutdown        : Graceful shutdown complete
2025-01-02T03:45:56.688+05:30  INFO 8517 --- [main] com.example.demo.DemoApplication         : Starting DemoApplication using Java 23.0.1 with PID 8517 (/home/tanay/IdeaProjects/currency/build/classes/java/main started by tanay in /home/tanay/IdeaProjects/currency)
2025-01-02T03:45:56.689+05:30  INFO 8517 --- [main] com.example.demo.DemoApplication         : No active profile set, falling back to 1 default profile: "default"
2025-01-02T03:45:57.159+05:30  INFO 8517 --- [main] o.s.b.w.embedded.tomcat.TomcatWebServer  : Tomcat initialized with port 8081 (http)
2025-01-02T03:45:57.169+05:30  INFO 8517 --- [main] o.apache.catalina.core.StandardService   : Starting service [Tomcat]
2025-01-02T03:45:57.170+05:30  INFO 8517 --- [main] o.apache.catalina.core.StandardEngine    : Starting Servlet engine: [Apache Tomcat/10.1.33]
2025-01-02T03:45:57.193+05:30  INFO 8517 --- [main] o.a.c.c.C.[Tomcat].[localhost].[/]       : Initializing Spring embedded WebApplicationContext
2025-01-02T03:45:57.194+05:30  INFO 8517 --- [main] w.s.c.ServletWebServerApplicationContext : Root WebApplicationContext: initialization completed in 470 ms
2025-01-02T03:45:57.417+05:30  INFO 8517 --- [main] o.s.b.w.embedded.tomcat.TomcatWebServer  : Tomcat started on port 8081 (http) with context path '/'
2025-01-02T03:45:57.426+05:30  INFO 8517 --- [main] com.example.demo.DemoApplication         : Started DemoApplication in 0.987 seconds (process running for 1.157)
2025-01-02T03:46:36.107+05:30  INFO 8517 --- [http-nio-8081-exec-1] o.a.c.c.C.[Tomcat].[localhost].[/]       : Initializing Spring DispatcherServlet 'dispatcherServlet'
2025-01-02T03:46:36.107+05:30  INFO 8517 --- [http-nio-8081-exec-1] o.s.web.servlet.DispatcherServlet        : Initializing Servlet 'dispatcherServlet'
2025-01-02T03:46:36.108+05:30  INFO 8517 --- [http-nio-8081-exec-1] o.s.web.servlet.DispatcherServlet        : Completed initialization in 1 ms
2025-01-02T03:46:38.441+05:30  INFO 8517 --- [http-nio-8081-exec-1] com.example.demo.ScraperScheduler        : Fetched 6 records for 'GBPINR' from 1735164996 to 1735769796
2025-01-02T03:46:39.369+05:30  INFO 8517 --- [http-nio-8081-exec-1] com.example.demo.ScraperScheduler        : Fetched 6 records for 'AEDINR' from 1735164996 to 1735769796
2025-01-02T03:53:56.050+05:30  INFO 8517 --- [SpringApplicationShutdownHook] o.s.b.w.e.tomcat.GracefulShutdown        : Commencing graceful shutdown. Waiting for active requests to complete
2025-01-02T03:53:56.056+05:30  INFO 8517 --- [tomcat-shutdown] o.s.b.w.e.tomcat.GracefulShutdown        : Graceful shutdown complete
2025-01-02T03:53:57.610+05:30  INFO 8959 --- [main] com.example.demo.DemoApplication         : Starting DemoApplication using Java 23.0.1 with PID 8959 (/home/tanay/IdeaProjects/currency/build/classes/java/main started by tanay in /home/tanay/IdeaProjects/currency)
2025-01-02T03:53:57.612+05:30  INFO 8959 --- [main] com.example.demo.DemoApplication         : No active profile set, falling back to 1 default profile: "default"
2025-01-02T03:53:58.084+05:30  INFO 8959 --- [main] o.s.b.w.embedded.tomcat.TomcatWebServer  : Tomcat initialized with port 8081 (http)
2025-01-02T03:53:58.093+05:30  INFO 8959 --- [main] o.apache.catalina.core.StandardService   : Starting service [Tomcat]
2025-01-02T03:53:58.093+05:30  INFO 8959 --- [main] o.apache.catalina.core.StandardEngine    : Starting Servlet engine: [Apache Tomcat/10.1.33]
2025-01-02T03:53:58.115+05:30  INFO 8959 --- [main] o.a.c.c.C.[Tomcat].[localhost].[/]       : Initializing Spring embedded WebApplicationContext
2025-01-02T03:53:58.116+05:30  INFO 8959 --- [main] w.s.c.ServletWebServerApplicationContext : Root WebApplicationContext: initialization completed in 470 ms
2025-01-02T03:53:58.315+05:30  INFO 8959 --- [main] o.s.b.w.embedded.tomcat.TomcatWebServer  : Tomcat started on port 8081 (http) with context path '/'
2025-01-02T03:53:58.323+05:30  INFO 8959 --- [main] com.example.demo.DemoApplication         : Started DemoApplication in 0.943 seconds (process running for 1.107)
2025-01-02T03:54:07.375+05:30  INFO 8959 --- [http-nio-8081-exec-2] o.a.c.c.C.[Tomcat].[localhost].[/]       : Initializing Spring DispatcherServlet 'dispatcherServlet'
2025-01-02T03:54:07.376+05:30  INFO 8959 --- [http-nio-8081-exec-2] o.s.web.servlet.DispatcherServlet        : Initializing Servlet 'dispatcherServlet'
2025-01-02T03:54:07.377+05:30  INFO 8959 --- [http-nio-8081-exec-2] o.s.web.servlet.DispatcherServlet        : Completed initialization in 1 ms
2025-01-02T03:56:05.870+05:30  INFO 8959 --- [http-nio-8081-exec-5] com.example.demo.ScraperScheduler        : Fetched 6 records for 'GBPINR' from 1735165563 to 1735770363
2025-01-02T03:56:08.937+05:30  INFO 8959 --- [http-nio-8081-exec-5] com.example.demo.ScraperScheduler        : Fetched 6 records for 'AEDINR' from 1735165563 to 1735770363
2025-01-02T04:49:33.045+05:30  INFO 8959 --- [SpringApplicationShutdownHook] o.s.b.w.e.tomcat.GracefulShutdown        : Commencing graceful shutdown. Waiting for active requests to complete
2025-01-02T04:49:33.049+05:30  INFO 8959 --- [tomcat-shutdown] o.s.b.w.e.tomcat.GracefulShutdown        : Graceful shutdown complete
